[cybersole.io/index.html]
[cybersole.io/cdn-cgi/apps/head/VGHozwxZJb1N2B41d4o5DvUlssA.js]
[cdn.cybersole.io/css/stylef2c0.css]
[cdn.cybersole.io/css/icon-font.min.css]
[cdn.cybersole.io/css/aos.css]
[cdn.cybersole.io/scripts/aos.js]
[backblue.gif]
[fade.gif]
[index.html]
[kit.fontawesome.com/5686762f0e.js]
[cybersole.io/cdn-cgi/scripts/7d0fa10a/cloudflare-static/rocket-loader.min.js]
[cdn.cybersole.io/media/CyberAIO.png]
[cdn.cybersole.io/cdn-cgi/image/height=405/media/app-fade.png]
[cybersole.io/cdn-cgi/l/email-protection.html]
[cybersole.io/terms.html]
[cybersole.io/privacy.html]
[cybersole.io/cdn-cgi/scripts/5c5dd728/cloudflare-static/email-decode.min.js]
[cybersole.io/index.html]
[cdn.cybersole.io/css/stylef2c0.css]
[cdn.cybersole.io/css/icon-font.min.css]
[cdn.cybersole.io/css/aos.css]
[cybersole.io/cdn-cgi/l/email-protection.html]
[cybersole.io/terms.html]
[cybersole.io/privacy.html]
[static.cloudflareinsights.com/beacon.min.js]
